<?xml version="1.0" encoding="UTF-8"?>
<testsuite name="com.yunbo3.book.springboot.web.PostsApiControllerTest" tests="1" skipped="0" failures="0" errors="0" timestamp="2023-11-22T14:07:44" hostname="DESKTOP-QFJHI3N" time="0.586">
  <properties/>
  <testcase name="Posts_수정된다" classname="com.yunbo3.book.springboot.web.PostsApiControllerTest" time="0.586"/>
  <system-out><![CDATA[23:07:39.325 [Test worker] DEBUG org.springframework.test.context.junit4.SpringJUnit4ClassRunner - SpringJUnit4ClassRunner constructor called with [class com.yunbo3.book.springboot.web.PostsApiControllerTest]
23:07:39.332 [Test worker] DEBUG org.springframework.test.context.BootstrapUtils - Instantiating CacheAwareContextLoaderDelegate from class [org.springframework.test.context.cache.DefaultCacheAwareContextLoaderDelegate]
23:07:39.340 [Test worker] DEBUG org.springframework.test.context.BootstrapUtils - Instantiating BootstrapContext using constructor [public org.springframework.test.context.support.DefaultBootstrapContext(java.lang.Class,org.springframework.test.context.CacheAwareContextLoaderDelegate)]
23:07:39.353 [Test worker] DEBUG org.springframework.test.context.BootstrapUtils - Instantiating TestContextBootstrapper for test class [com.yunbo3.book.springboot.web.PostsApiControllerTest] from class [org.springframework.boot.test.context.SpringBootTestContextBootstrapper]
23:07:39.364 [Test worker] INFO org.springframework.boot.test.context.SpringBootTestContextBootstrapper - Neither @ContextConfiguration nor @ContextHierarchy found for test class [com.yunbo3.book.springboot.web.PostsApiControllerTest], using SpringBootContextLoader
23:07:39.367 [Test worker] DEBUG org.springframework.test.context.support.AbstractContextLoader - Did not detect default resource location for test class [com.yunbo3.book.springboot.web.PostsApiControllerTest]: class path resource [com/yunbo3/book/springboot/web/PostsApiControllerTest-context.xml] does not exist
23:07:39.368 [Test worker] DEBUG org.springframework.test.context.support.AbstractContextLoader - Did not detect default resource location for test class [com.yunbo3.book.springboot.web.PostsApiControllerTest]: class path resource [com/yunbo3/book/springboot/web/PostsApiControllerTestContext.groovy] does not exist
23:07:39.368 [Test worker] INFO org.springframework.test.context.support.AbstractContextLoader - Could not detect default resource locations for test class [com.yunbo3.book.springboot.web.PostsApiControllerTest]: no resource found for suffixes {-context.xml, Context.groovy}.
23:07:39.369 [Test worker] INFO org.springframework.test.context.support.AnnotationConfigContextLoaderUtils - Could not detect default configuration classes for test class [com.yunbo3.book.springboot.web.PostsApiControllerTest]: PostsApiControllerTest does not declare any static, non-private, non-final, nested classes annotated with @Configuration.
23:07:39.409 [Test worker] DEBUG org.springframework.test.context.support.ActiveProfilesUtils - Could not find an 'annotation declaring class' for annotation type [org.springframework.test.context.ActiveProfiles] and class [com.yunbo3.book.springboot.web.PostsApiControllerTest]
23:07:39.492 [Test worker] DEBUG org.springframework.context.annotation.ClassPathScanningCandidateComponentProvider - Identified candidate component class: file [C:\Users\ybh\Desktop\스프링부트와aws\springbootBook1\book\build\classes\java\test\com\yunbo3\book\springboot\Application.class]
23:07:39.493 [Test worker] DEBUG org.springframework.context.annotation.ClassPathScanningCandidateComponentProvider - Identified candidate component class: file [C:\Users\ybh\Desktop\스프링부트와aws\springbootBook1\book\build\classes\java\main\com\yunbo3\book\springboot\Application.class]
23:07:39.495 [Test worker] INFO org.springframework.boot.test.context.SpringBootTestContextBootstrapper - Found @SpringBootConfiguration com.yunbo3.book.springboot.Application for test class com.yunbo3.book.springboot.web.PostsApiControllerTest
23:07:39.588 [Test worker] DEBUG org.springframework.boot.test.context.SpringBootTestContextBootstrapper - @TestExecutionListeners is not present for class [com.yunbo3.book.springboot.web.PostsApiControllerTest]: using defaults.
23:07:39.588 [Test worker] INFO org.springframework.boot.test.context.SpringBootTestContextBootstrapper - Loaded default TestExecutionListener class names from location [META-INF/spring.factories]: [org.springframework.security.test.context.support.WithSecurityContextTestExecutionListener, org.springframework.security.test.context.support.ReactorContextTestExecutionListener, org.springframework.boot.test.autoconfigure.restdocs.RestDocsTestExecutionListener, org.springframework.boot.test.autoconfigure.web.client.MockRestServiceServerResetTestExecutionListener, org.springframework.boot.test.autoconfigure.web.servlet.MockMvcPrintOnlyOnFailureTestExecutionListener, org.springframework.boot.test.autoconfigure.web.servlet.WebDriverTestExecutionListener, org.springframework.boot.test.mock.mockito.MockitoTestExecutionListener, org.springframework.boot.test.mock.mockito.ResetMocksTestExecutionListener, org.springframework.test.context.web.ServletTestExecutionListener, org.springframework.test.context.support.DirtiesContextBeforeModesTestExecutionListener, org.springframework.test.context.support.DependencyInjectionTestExecutionListener, org.springframework.test.context.support.DirtiesContextTestExecutionListener, org.springframework.test.context.transaction.TransactionalTestExecutionListener, org.springframework.test.context.jdbc.SqlScriptsTestExecutionListener]
23:07:39.611 [Test worker] INFO org.springframework.boot.test.context.SpringBootTestContextBootstrapper - Using TestExecutionListeners: [org.springframework.test.context.web.ServletTestExecutionListener@6ec95e9e, org.springframework.test.context.support.DirtiesContextBeforeModesTestExecutionListener@12e4b92c, org.springframework.boot.test.mock.mockito.MockitoTestExecutionListener@1cf19dcd, org.springframework.boot.test.autoconfigure.SpringBootDependencyInjectionTestExecutionListener@787a50d4, org.springframework.test.context.support.DirtiesContextTestExecutionListener@5ce3dceb, org.springframework.test.context.transaction.TransactionalTestExecutionListener@6b792382, org.springframework.test.context.jdbc.SqlScriptsTestExecutionListener@7b76d4d5, org.springframework.security.test.context.support.WithSecurityContextTestExecutionListener@51a0c79f, org.springframework.security.test.context.support.ReactorContextTestExecutionListener@13e65dc4, org.springframework.boot.test.autoconfigure.restdocs.RestDocsTestExecutionListener@31a11909, org.springframework.boot.test.autoconfigure.web.client.MockRestServiceServerResetTestExecutionListener@7c3ca394, org.springframework.boot.test.autoconfigure.web.servlet.MockMvcPrintOnlyOnFailureTestExecutionListener@2b771fb3, org.springframework.boot.test.autoconfigure.web.servlet.WebDriverTestExecutionListener@ade6f64, org.springframework.boot.test.mock.mockito.ResetMocksTestExecutionListener@330e4667]
23:07:39.614 [Test worker] DEBUG org.springframework.test.annotation.ProfileValueUtils - Retrieved @ProfileValueSourceConfiguration [null] for test class [com.yunbo3.book.springboot.web.PostsApiControllerTest]
23:07:39.615 [Test worker] DEBUG org.springframework.test.annotation.ProfileValueUtils - Retrieved ProfileValueSource type [class org.springframework.test.annotation.SystemProfileValueSource] for class [com.yunbo3.book.springboot.web.PostsApiControllerTest]
23:07:39.619 [Test worker] DEBUG org.springframework.test.annotation.ProfileValueUtils - Retrieved @ProfileValueSourceConfiguration [null] for test class [com.yunbo3.book.springboot.web.PostsApiControllerTest]
23:07:39.619 [Test worker] DEBUG org.springframework.test.annotation.ProfileValueUtils - Retrieved ProfileValueSource type [class org.springframework.test.annotation.SystemProfileValueSource] for class [com.yunbo3.book.springboot.web.PostsApiControllerTest]
23:07:39.619 [Test worker] DEBUG org.springframework.test.annotation.ProfileValueUtils - Retrieved @ProfileValueSourceConfiguration [null] for test class [com.yunbo3.book.springboot.web.PostsApiControllerTest]
23:07:39.619 [Test worker] DEBUG org.springframework.test.annotation.ProfileValueUtils - Retrieved ProfileValueSource type [class org.springframework.test.annotation.SystemProfileValueSource] for class [com.yunbo3.book.springboot.web.PostsApiControllerTest]
23:07:39.624 [Test worker] DEBUG org.springframework.test.context.support.AbstractDirtiesContextTestExecutionListener - Before test class: context [DefaultTestContext@6f622e8d testClass = PostsApiControllerTest, testInstance = [null], testMethod = [null], testException = [null], mergedContextConfiguration = [WebMergedContextConfiguration@166c294f testClass = PostsApiControllerTest, locations = '{}', classes = '{class com.yunbo3.book.springboot.Application}', contextInitializerClasses = '[]', activeProfiles = '{}', propertySourceLocations = '{}', propertySourceProperties = '{org.springframework.boot.test.context.SpringBootTestContextBootstrapper=true, server.port=0}', contextCustomizers = set[org.springframework.boot.test.autoconfigure.properties.PropertyMappingContextCustomizer@0, org.springframework.boot.test.autoconfigure.web.servlet.WebDriverContextCustomizerFactory$Customizer@1fc54d7a, org.springframework.boot.test.context.filter.ExcludeFilterContextCustomizer@4bdbfd2b, org.springframework.boot.test.json.DuplicateJsonObjectContextCustomizerFactory$DuplicateJsonObjectContextCustomizer@2300e308, org.springframework.boot.test.mock.mockito.MockitoContextCustomizer@0, org.springframework.boot.test.web.client.TestRestTemplateContextCustomizer@584f1ec4], resourceBasePath = 'src/main/webapp', contextLoader = 'org.springframework.boot.test.context.SpringBootContextLoader', parent = [null]], attributes = map['org.springframework.test.context.web.ServletTestExecutionListener.activateListener' -> false]], class annotated with @DirtiesContext [false] with mode [null].
23:07:39.624 [Test worker] DEBUG org.springframework.test.annotation.ProfileValueUtils - Retrieved @ProfileValueSourceConfiguration [null] for test class [com.yunbo3.book.springboot.web.PostsApiControllerTest]
23:07:39.624 [Test worker] DEBUG org.springframework.test.annotation.ProfileValueUtils - Retrieved ProfileValueSource type [class org.springframework.test.annotation.SystemProfileValueSource] for class [com.yunbo3.book.springboot.web.PostsApiControllerTest]
23:07:39.629 [Test worker] DEBUG org.springframework.test.context.support.DependencyInjectionTestExecutionListener - Performing dependency injection for test context [[DefaultTestContext@6f622e8d testClass = PostsApiControllerTest, testInstance = com.yunbo3.book.springboot.web.PostsApiControllerTest@56f1b1c, testMethod = [null], testException = [null], mergedContextConfiguration = [WebMergedContextConfiguration@166c294f testClass = PostsApiControllerTest, locations = '{}', classes = '{class com.yunbo3.book.springboot.Application}', contextInitializerClasses = '[]', activeProfiles = '{}', propertySourceLocations = '{}', propertySourceProperties = '{org.springframework.boot.test.context.SpringBootTestContextBootstrapper=true, server.port=0}', contextCustomizers = set[org.springframework.boot.test.autoconfigure.properties.PropertyMappingContextCustomizer@0, org.springframework.boot.test.autoconfigure.web.servlet.WebDriverContextCustomizerFactory$Customizer@1fc54d7a, org.springframework.boot.test.context.filter.ExcludeFilterContextCustomizer@4bdbfd2b, org.springframework.boot.test.json.DuplicateJsonObjectContextCustomizerFactory$DuplicateJsonObjectContextCustomizer@2300e308, org.springframework.boot.test.mock.mockito.MockitoContextCustomizer@0, org.springframework.boot.test.web.client.TestRestTemplateContextCustomizer@584f1ec4], resourceBasePath = 'src/main/webapp', contextLoader = 'org.springframework.boot.test.context.SpringBootContextLoader', parent = [null]], attributes = map['org.springframework.test.context.web.ServletTestExecutionListener.activateListener' -> false]]].
23:07:39.650 [Test worker] DEBUG org.springframework.test.context.support.TestPropertySourceUtils - Adding inlined properties to environment: {spring.jmx.enabled=false, org.springframework.boot.test.context.SpringBootTestContextBootstrapper=true, server.port=0}

  .   ____          _            __ _ _
 /\\ / ___'_ __ _ _(_)_ __  __ _ \ \ \ \
( ( )\___ | '_ | '_| | '_ \/ _` | \ \ \ \
 \\/  ___)| |_)| | | | | || (_| |  ) ) ) )
  '  |____| .__|_| |_|_| |_\__, | / / / /
 =========|_|==============|___/=/_/_/_/
 :: Spring Boot ::        (v2.1.9.RELEASE)

2023-11-22 23:07:39.956  INFO 3400 --- [    Test worker] c.y.b.s.web.PostsApiControllerTest       : Starting PostsApiControllerTest on DESKTOP-QFJHI3N with PID 3400 (started by ybh in C:\Users\ybh\Desktop\스프링부트와aws\springbootBook1\book)
2023-11-22 23:07:39.956  INFO 3400 --- [    Test worker] c.y.b.s.web.PostsApiControllerTest       : No active profile set, falling back to default profiles: default
2023-11-22 23:07:40.590  INFO 3400 --- [    Test worker] .s.d.r.c.RepositoryConfigurationDelegate : Bootstrapping Spring Data repositories in DEFAULT mode.
2023-11-22 23:07:40.667  INFO 3400 --- [    Test worker] .s.d.r.c.RepositoryConfigurationDelegate : Finished Spring Data repository scanning in 68ms. Found 1 repository interfaces.
2023-11-22 23:07:41.083  INFO 3400 --- [    Test worker] trationDelegate$BeanPostProcessorChecker : Bean 'org.springframework.transaction.annotation.ProxyTransactionManagementConfiguration' of type [org.springframework.transaction.annotation.ProxyTransactionManagementConfiguration$$EnhancerBySpringCGLIB$$c3d4ebc5] is not eligible for getting processed by all BeanPostProcessors (for example: not eligible for auto-proxying)
2023-11-22 23:07:41.435  INFO 3400 --- [    Test worker] o.s.b.w.embedded.tomcat.TomcatWebServer  : Tomcat initialized with port(s): 0 (http)
2023-11-22 23:07:41.461  INFO 3400 --- [    Test worker] o.apache.catalina.core.StandardService   : Starting service [Tomcat]
2023-11-22 23:07:41.462  INFO 3400 --- [    Test worker] org.apache.catalina.core.StandardEngine  : Starting Servlet engine: [Apache Tomcat/9.0.26]
2023-11-22 23:07:41.638  INFO 3400 --- [    Test worker] o.a.c.c.C.[Tomcat].[localhost].[/]       : Initializing Spring embedded WebApplicationContext
2023-11-22 23:07:41.638  INFO 3400 --- [    Test worker] o.s.web.context.ContextLoader            : Root WebApplicationContext: initialization completed in 1664 ms
2023-11-22 23:07:41.858  INFO 3400 --- [    Test worker] com.zaxxer.hikari.HikariDataSource       : HikariPool-1 - Starting...
2023-11-22 23:07:42.046  INFO 3400 --- [    Test worker] com.zaxxer.hikari.HikariDataSource       : HikariPool-1 - Start completed.
2023-11-22 23:07:42.152  INFO 3400 --- [    Test worker] o.hibernate.jpa.internal.util.LogHelper  : HHH000204: Processing PersistenceUnitInfo [
	name: default
	...]
2023-11-22 23:07:42.244  INFO 3400 --- [    Test worker] org.hibernate.Version                    : HHH000412: Hibernate Core {5.3.12.Final}
2023-11-22 23:07:42.247  INFO 3400 --- [    Test worker] org.hibernate.cfg.Environment            : HHH000206: hibernate.properties not found
2023-11-22 23:07:42.436  INFO 3400 --- [    Test worker] o.hibernate.annotations.common.Version   : HCANN000001: Hibernate Commons Annotations {5.0.4.Final}
2023-11-22 23:07:42.625  INFO 3400 --- [    Test worker] org.hibernate.dialect.Dialect            : HHH000400: Using dialect: org.hibernate.dialect.H2Dialect
2023-11-22 23:07:43.287 DEBUG 3400 --- [    Test worker] org.hibernate.SQL                        : drop table posts if exists
Hibernate: drop table posts if exists
2023-11-22 23:07:43.292 DEBUG 3400 --- [    Test worker] org.hibernate.SQL                        : create table posts (id bigint generated by default as identity, author varchar(255), content TEXT not null, title varchar(500) not null, primary key (id))
Hibernate: create table posts (id bigint generated by default as identity, author varchar(255), content TEXT not null, title varchar(500) not null, primary key (id))
2023-11-22 23:07:43.301  INFO 3400 --- [    Test worker] o.h.t.schema.internal.SchemaCreatorImpl  : HHH000476: Executing import script 'org.hibernate.tool.schema.internal.exec.ScriptSourceInputNonExistentImpl@1f113d3b'
2023-11-22 23:07:43.305  INFO 3400 --- [    Test worker] j.LocalContainerEntityManagerFactoryBean : Initialized JPA EntityManagerFactory for persistence unit 'default'
2023-11-22 23:07:44.111  INFO 3400 --- [    Test worker] o.s.s.web.DefaultSecurityFilterChain     : Creating filter chain: any request, [org.springframework.security.web.context.request.async.WebAsyncManagerIntegrationFilter@15e786c2, org.springframework.security.web.context.SecurityContextPersistenceFilter@135dbb4b, org.springframework.security.web.header.HeaderWriterFilter@47391706, org.springframework.security.web.authentication.logout.LogoutFilter@6a4d4e23, org.springframework.security.web.authentication.www.BasicAuthenticationFilter@5169fa54, org.springframework.security.web.savedrequest.RequestCacheAwareFilter@7c1fdc53, org.springframework.security.web.servletapi.SecurityContextHolderAwareRequestFilter@34790900, org.springframework.security.web.authentication.AnonymousAuthenticationFilter@23bb8088, org.springframework.security.web.session.SessionManagementFilter@d1855ba, org.springframework.security.web.access.ExceptionTranslationFilter@7845acb7, org.springframework.security.web.access.intercept.FilterSecurityInterceptor@41a0f21c]
2023-11-22 23:07:44.451  INFO 3400 --- [    Test worker] o.s.s.concurrent.ThreadPoolTaskExecutor  : Initializing ExecutorService 'applicationTaskExecutor'
2023-11-22 23:07:44.504  WARN 3400 --- [    Test worker] aWebConfiguration$JpaWebMvcConfiguration : spring.jpa.open-in-view is enabled by default. Therefore, database queries may be performed during view rendering. Explicitly configure spring.jpa.open-in-view to disable this warning
2023-11-22 23:07:44.639  WARN 3400 --- [    Test worker] o.s.b.a.m.MustacheAutoConfiguration      : Cannot find template location: classpath:/templates/ (please add some templates, check your Mustache configuration, or set spring.mustache.check-template-location=false)
2023-11-22 23:07:44.907  INFO 3400 --- [    Test worker] s.a.ScheduledAnnotationBeanPostProcessor : No TaskScheduler/ScheduledExecutorService bean found for scheduled processing
2023-11-22 23:07:44.932  INFO 3400 --- [    Test worker] o.s.b.w.embedded.tomcat.TomcatWebServer  : Tomcat started on port(s): 10989 (http) with context path ''
2023-11-22 23:07:44.934  INFO 3400 --- [    Test worker] c.y.b.s.web.PostsApiControllerTest       : Started PostsApiControllerTest in 5.281 seconds (JVM running for 6.327)
2023-11-22 23:07:45.052 DEBUG 3400 --- [    Test worker] org.hibernate.SQL                        : insert into posts (id, author, content, title) values (null, ?, ?, ?)
Hibernate: insert into posts (id, author, content, title) values (null, ?, ?, ?)
2023-11-22 23:07:45.056 TRACE 3400 --- [    Test worker] o.h.type.descriptor.sql.BasicBinder      : binding parameter [1] as [VARCHAR] - [author]
2023-11-22 23:07:45.057 TRACE 3400 --- [    Test worker] o.h.type.descriptor.sql.BasicBinder      : binding parameter [2] as [VARCHAR] - [content]
2023-11-22 23:07:45.057 TRACE 3400 --- [    Test worker] o.h.type.descriptor.sql.BasicBinder      : binding parameter [3] as [VARCHAR] - [title]
2023-11-22 23:07:45.202  INFO 3400 --- [o-auto-1-exec-1] o.a.c.c.C.[Tomcat].[localhost].[/]       : Initializing Spring DispatcherServlet 'dispatcherServlet'
2023-11-22 23:07:45.202  INFO 3400 --- [o-auto-1-exec-1] o.s.web.servlet.DispatcherServlet        : Initializing Servlet 'dispatcherServlet'
2023-11-22 23:07:45.220  INFO 3400 --- [o-auto-1-exec-1] o.s.web.servlet.DispatcherServlet        : Completed initialization in 18 ms
2023-11-22 23:07:45.310 DEBUG 3400 --- [o-auto-1-exec-1] org.hibernate.SQL                        : select posts0_.id as id1_0_0_, posts0_.author as author2_0_0_, posts0_.content as content3_0_0_, posts0_.title as title4_0_0_ from posts posts0_ where posts0_.id=?
Hibernate: select posts0_.id as id1_0_0_, posts0_.author as author2_0_0_, posts0_.content as content3_0_0_, posts0_.title as title4_0_0_ from posts posts0_ where posts0_.id=?
2023-11-22 23:07:45.311 TRACE 3400 --- [o-auto-1-exec-1] o.h.type.descriptor.sql.BasicBinder      : binding parameter [1] as [BIGINT] - [1]
2023-11-22 23:07:45.322 DEBUG 3400 --- [o-auto-1-exec-1] org.hibernate.SQL                        : update posts set author=?, content=?, title=? where id=?
Hibernate: update posts set author=?, content=?, title=? where id=?
2023-11-22 23:07:45.323 TRACE 3400 --- [o-auto-1-exec-1] o.h.type.descriptor.sql.BasicBinder      : binding parameter [1] as [VARCHAR] - [author]
2023-11-22 23:07:45.324 TRACE 3400 --- [o-auto-1-exec-1] o.h.type.descriptor.sql.BasicBinder      : binding parameter [2] as [VARCHAR] - [content2]
2023-11-22 23:07:45.324 TRACE 3400 --- [o-auto-1-exec-1] o.h.type.descriptor.sql.BasicBinder      : binding parameter [3] as [VARCHAR] - [title2]
2023-11-22 23:07:45.324 TRACE 3400 --- [o-auto-1-exec-1] o.h.type.descriptor.sql.BasicBinder      : binding parameter [4] as [BIGINT] - [1]
2023-11-22 23:07:45.435  INFO 3400 --- [    Test worker] o.h.h.i.QueryTranslatorFactoryInitiator  : HHH000397: Using ASTQueryTranslatorFactory
2023-11-22 23:07:45.511 DEBUG 3400 --- [    Test worker] org.hibernate.SQL                        : select posts0_.id as id1_0_, posts0_.author as author2_0_, posts0_.content as content3_0_, posts0_.title as title4_0_ from posts posts0_
Hibernate: select posts0_.id as id1_0_, posts0_.author as author2_0_, posts0_.content as content3_0_, posts0_.title as title4_0_ from posts posts0_
2023-11-22 23:07:45.518 DEBUG 3400 --- [    Test worker] org.hibernate.SQL                        : select posts0_.id as id1_0_, posts0_.author as author2_0_, posts0_.content as content3_0_, posts0_.title as title4_0_ from posts posts0_
Hibernate: select posts0_.id as id1_0_, posts0_.author as author2_0_, posts0_.content as content3_0_, posts0_.title as title4_0_ from posts posts0_
2023-11-22 23:07:45.524 DEBUG 3400 --- [    Test worker] org.hibernate.SQL                        : delete from posts where id=?
Hibernate: delete from posts where id=?
2023-11-22 23:07:45.524 TRACE 3400 --- [    Test worker] o.h.type.descriptor.sql.BasicBinder      : binding parameter [1] as [BIGINT] - [1]
]]></system-out>
  <system-err><![CDATA[]]></system-err>
</testsuite>
